Using pre-set license
Built from '2020.2/release' branch; Version is '2020.2.2f1 (068178b99f32) revision 426360'; Using compiler version '192528614'; Build Type 'Release'
OS: 'Windows 10 Home; OS build 22621.2715; Version 2009; 64bit' Language: 'en' Physical Memory: 8077 MB
BatchMode: 1, IsHumanControllingUs: 0, StartBugReporterOnCrash: 0, Is64bit: 1, IsPro: 0

 COMMAND LINE ARGUMENTS:
C:\Program Files\Unity\Hub\Editor\2020.2.2f1\Editor\Unity.exe
-adb2
-batchMode
-noUpm
-name
AssetImportWorker1
-projectPath
C:/Users/JLDeC/OneDrive/Documents/GitHub/Mods/FourSword-Tubers
-logFile
Logs/AssetImportWorker1.log
-srvPort
50871
Successfully changed project path to: C:/Users/JLDeC/OneDrive/Documents/GitHub/Mods/FourSword-Tubers
C:/Users/JLDeC/OneDrive/Documents/GitHub/Mods/FourSword-Tubers
Using Asset Import Pipeline V2.
Refreshing native plugins compatible for Editor in 271.33 ms, found 3 plugins.
Preloading 0 native plugins for Editor in 0.00 ms.
Initialize engine version: 2020.2.2f1 (068178b99f32)
[Subsystems] Discovering subsystems at path C:/Program Files/Unity/Hub/Editor/2020.2.2f1/Editor/Data/Resources/UnitySubsystems
[Subsystems] Discovering subsystems at path C:/Users/JLDeC/OneDrive/Documents/GitHub/Mods/FourSword-Tubers/Assets
GfxDevice: creating device client; threaded=0
Direct3D:
    Version:  Direct3D 11.0 [level 11.1]
    Renderer: Intel(R) UHD Graphics 615 (ID=0x591c)
    Vendor:   
    VRAM:     4038 MB
    Driver:   27.20.100.9664
Initialize mono
Mono path[0] = 'C:/Program Files/Unity/Hub/Editor/2020.2.2f1/Editor/Data/Managed'
Mono path[1] = 'C:/Program Files/Unity/Hub/Editor/2020.2.2f1/Editor/Data/MonoBleedingEdge/lib/mono/unityjit'
Mono config path = 'C:/Program Files/Unity/Hub/Editor/2020.2.2f1/Editor/Data/MonoBleedingEdge/etc'
Using monoOptions --debugger-agent=transport=dt_socket,embedding=1,server=y,suspend=n,address=127.0.0.1:56792
Begin MonoManager ReloadAssembly
Registering precompiled unity dll's ...
Register platform support module: C:/Program Files/Unity/Hub/Editor/2020.2.2f1/Editor/Data/PlaybackEngines/WindowsStandaloneSupport/UnityEditor.WindowsStandalone.Extensions.dll
Registered in 0.009496 seconds.
Native extension for WindowsStandalone target not found
Refreshing native plugins compatible for Editor in 484.39 ms, found 3 plugins.
Preloading 0 native plugins for Editor in 0.00 ms.
Invoked RoslynAnalysisRunner static constructor.
RoslynAnalysisRunner will not be running.
RoslynAnalysisRunner has terminated.
Mono: successfully reloaded assembly
- Completed reload, in  7.167 seconds
Platform modules already initialized, skipping
Registering precompiled user dll's ...
Registered in 0.013949 seconds.
Begin MonoManager ReloadAssembly
Native extension for WindowsStandalone target not found
Refreshing native plugins compatible for Editor in 258.33 ms, found 3 plugins.
Preloading 0 native plugins for Editor in 0.00 ms.
Invoked RoslynAnalysisRunner static constructor.
RoslynAnalysisRunner will not be running.
RoslynAnalysisRunner has terminated.
Mono: successfully reloaded assembly
- Completed reload, in 13.213 seconds
Platform modules already initialized, skipping
========================================================================
Worker process is ready to serve import requests
Launched and connected shader compiler UnityShaderCompiler.exe after 0.17 seconds
Refreshing native plugins compatible for Editor in 1.96 ms, found 3 plugins.
Preloading 0 native plugins for Editor in 0.00 ms.
Unloading 2727 Unused Serialized files (Serialized files now loaded: 0)
System memory in use before: 125.8 MB.
System memory in use after: 125.9 MB.

Unloading 49 unused Assets to reduce memory usage. Loaded Objects now: 3152.
Total: 17.842700 ms (FindLiveObjects: 0.980800 ms CreateObjectMapping: 0.590600 ms MarkObjects: 15.861400 ms  DeleteObjects: 0.404600 ms)

========================================================================
Received Import Request.
  path: Assets/Scenes/FS_2.unity
  artifactKey: Guid(8b6e1b3a67fd93844b3c8b17735ac488) Importer(815301076,1909f56bfc062723c751e8b465ee728b)
Start importing Assets/Scenes/FS_2.unity using Guid(8b6e1b3a67fd93844b3c8b17735ac488) Importer(815301076,1909f56bfc062723c751e8b465ee728b)  -> (artifact id: '67b1e884804d10697bcb59e25cc6892c') in 0.043542 seconds
  Import took 0.053056 seconds .

========================================================================
Received Import Request.
  Time since last request: 35.918659 seconds.
  path: Assets/Scenes/FS_1.unity
  artifactKey: Guid(f104cecde09ac0d4c9675fb6e3c2bd2e) Importer(815301076,1909f56bfc062723c751e8b465ee728b)
Start importing Assets/Scenes/FS_1.unity using Guid(f104cecde09ac0d4c9675fb6e3c2bd2e) Importer(815301076,1909f56bfc062723c751e8b465ee728b)  -> (artifact id: '95f6e2bec73149ee2cfce723a24013b1') in 0.032315 seconds
  Import took 0.040200 seconds .

========================================================================
Received Prepare
Registering precompiled user dll's ...
Registered in 0.017308 seconds.
Begin MonoManager ReloadAssembly
Native extension for WindowsStandalone target not found
Refreshing native plugins compatible for Editor in 2.38 ms, found 3 plugins.
Preloading 0 native plugins for Editor in 0.00 ms.
Invoked RoslynAnalysisRunner static constructor.
RoslynAnalysisRunner will not be running.
RoslynAnalysisRunner has terminated.
Refresh completed but there are assets queued up for importing. Check for code that modifies assets which gets called after OnPostProcessAllAssets. Additional details in Log file
UnityEngine.StackTraceUtility:ExtractStackTrace ()
WeaverCore.Editor.VerifyWeaverCoreEditorState:StartCheck (System.Action`1<WeaverCore.Editor.DependencyCheck/DependencyCheckResult>) (at Assets/WeaverCore/WeaverCore.Editor/Dependency Checks/Checks/VerifyWeaverCoreEditorState.cs:38)
WeaverCore.Editor.DependencyChecker/<>c__DisplayClass13_0:<CheckDependencies>b__0 (WeaverCore.Editor.DependencyCheck/DependencyCheckResult) (at Assets/WeaverCore/WeaverCore.Editor/Dependency Checks/DependencyChecker.cs:199)
WeaverCore.Editor.VerifyPhysics:StartCheck (System.Action`1<WeaverCore.Editor.DependencyCheck/DependencyCheckResult>) (at Assets/WeaverCore/WeaverCore.Editor/Dependency Checks/Checks/VerifyPhysics.cs:15)
WeaverCore.Editor.DependencyChecker/<>c__DisplayClass13_0:<CheckDependencies>b__0 (WeaverCore.Editor.DependencyCheck/DependencyCheckResult) (at Assets/WeaverCore/WeaverCore.Editor/Dependency Checks/DependencyChecker.cs:199)
WeaverCore.Editor.VerifyAPILevel:StartCheck (System.Action`1<WeaverCore.Editor.DependencyCheck/DependencyCheckResult>) (at Assets/WeaverCore/WeaverCore.Editor/Dependency Checks/Checks/VerifyAPILevel.cs:26)
WeaverCore.Editor.DependencyChecker/<>c__DisplayClass13_0:<CheckDependencies>b__0 (WeaverCore.Editor.DependencyCheck/DependencyCheckResult) (at Assets/WeaverCore/WeaverCore.Editor/Dependency Checks/DependencyChecker.cs:199)
WeaverCore.Editor.DependencyChecker:CheckDependencies (bool,System.Collections.Generic.List`1<WeaverCore.Editor.DependencyCheck>,int) (at Assets/WeaverCore/WeaverCore.Editor/Dependency Checks/DependencyChecker.cs:213)
WeaverCore.Editor.DependencyChecker:CheckDependencies () (at Assets/WeaverCore/WeaverCore.Editor/Dependency Checks/DependencyChecker.cs:126)
WeaverCore.Editor.Compilation.BuildTools:Init () (at Assets/WeaverCore/WeaverCore.Editor/Compilation/BuildTools.cs:483)
System.Reflection.MonoMethod:Invoke (object,System.Reflection.BindingFlags,System.Reflection.Binder,object[],System.Globalization.CultureInfo)
System.Reflection.MethodBase:Invoke (object,object[])
WeaverCore.Utilities.ReflectionUtilities:ExecuteMethodsWithAttribute<WeaverCore.Attributes.OnInitAttribute> (System.Func`3<System.Reflection.MethodInfo, WeaverCore.Attributes.OnInitAttribute, bool>,System.Reflection.BindingFlags,bool) (at Assets/WeaverCore/WeaverCore/Utilities/ReflectionUtilities.cs:530)
WeaverCore.Initialization:Initialize () (at Assets/WeaverCore/WeaverCore/Initialization.cs:75)
WeaverCore.Initialization:OnEditorInitialize () (at Assets/WeaverCore/WeaverCore/Initialization.cs:44)

[Assets/WeaverCore/WeaverCore.Editor/Dependency Checks/Checks/VerifyWeaverCoreEditorState.cs line 38]

Assets queued for import after Refresh completed:
	Assets/WeaverCore/WeaverCore.Editor/WeaverCore.Editor.asmdef
RefreshInfo: StopAssetImportingV2(NoUpdateAssetOptions) scanfilter: 
RefreshProfiler: Total: 0.000ms
Assertion failed on expression: 'm_Ptr'
UnityEngine.StackTraceUtility:ExtractStackTrace ()
WeaverCore.Editor.VerifyWeaverCoreEditorState:StartCheck (System.Action`1<WeaverCore.Editor.DependencyCheck/DependencyCheckResult>) (at Assets/WeaverCore/WeaverCore.Editor/Dependency Checks/Checks/VerifyWeaverCoreEditorState.cs:38)
WeaverCore.Editor.DependencyChecker/<>c__DisplayClass13_0:<CheckDependencies>b__0 (WeaverCore.Editor.DependencyCheck/DependencyCheckResult) (at Assets/WeaverCore/WeaverCore.Editor/Dependency Checks/DependencyChecker.cs:199)
WeaverCore.Editor.VerifyPhysics:StartCheck (System.Action`1<WeaverCore.Editor.DependencyCheck/DependencyCheckResult>) (at Assets/WeaverCore/WeaverCore.Editor/Dependency Checks/Checks/VerifyPhysics.cs:15)
WeaverCore.Editor.DependencyChecker/<>c__DisplayClass13_0:<CheckDependencies>b__0 (WeaverCore.Editor.DependencyCheck/DependencyCheckResult) (at Assets/WeaverCore/WeaverCore.Editor/Dependency Checks/DependencyChecker.cs:199)
WeaverCore.Editor.VerifyAPILevel:StartCheck (System.Action`1<WeaverCore.Editor.DependencyCheck/DependencyCheckResult>) (at Assets/WeaverCore/WeaverCore.Editor/Dependency Checks/Checks/VerifyAPILevel.cs:26)
WeaverCore.Editor.DependencyChecker/<>c__DisplayClass13_0:<CheckDependencies>b__0 (WeaverCore.Editor.DependencyCheck/DependencyCheckResult) (at Assets/WeaverCore/WeaverCore.Editor/Dependency Checks/DependencyChecker.cs:199)
WeaverCore.Editor.DependencyChecker:CheckDependencies (bool,System.Collections.Generic.List`1<WeaverCore.Editor.DependencyCheck>,int) (at Assets/WeaverCore/WeaverCore.Editor/Dependency Checks/DependencyChecker.cs:213)
WeaverCore.Editor.DependencyChecker:CheckDependencies () (at Assets/WeaverCore/WeaverCore.Editor/Dependency Checks/DependencyChecker.cs:126)
WeaverCore.Editor.Compilation.BuildTools:Init () (at Assets/WeaverCore/WeaverCore.Editor/Compilation/BuildTools.cs:483)
System.Reflection.MonoMethod:Invoke (object,System.Reflection.BindingFlags,System.Reflection.Binder,object[],System.Globalization.CultureInfo)
System.Reflection.MethodBase:Invoke (object,object[])
WeaverCore.Utilities.ReflectionUtilities:ExecuteMethodsWithAttribute<WeaverCore.Attributes.OnInitAttribute> (System.Func`3<System.Reflection.MethodInfo, WeaverCore.Attributes.OnInitAttribute, bool>,System.Reflection.BindingFlags,bool) (at Assets/WeaverCore/WeaverCore/Utilities/ReflectionUtilities.cs:530)
WeaverCore.Initialization:Initialize () (at Assets/WeaverCore/WeaverCore/Initialization.cs:75)
WeaverCore.Initialization:OnEditorInitialize () (at Assets/WeaverCore/WeaverCore/Initialization.cs:44)

[Assets/WeaverCore/WeaverCore.Editor/Dependency Checks/Checks/VerifyWeaverCoreEditorState.cs line 38]

Mono: successfully reloaded assembly
- Completed reload, in 14.886 seconds
Platform modules already initialized, skipping
Refreshing native plugins compatible for Editor in 1.79 ms, found 3 plugins.
Preloading 0 native plugins for Editor in 0.00 ms.
Unloading 2621 Unused Serialized files (Serialized files now loaded: 0)
System memory in use before: 119.2 MB.
System memory in use after: 119.3 MB.

Unloading 37 unused Assets to reduce memory usage. Loaded Objects now: 3155.
Total: 14.407900 ms (FindLiveObjects: 0.996300 ms CreateObjectMapping: 0.705800 ms MarkObjects: 12.333200 ms  DeleteObjects: 0.368000 ms)

========================================================================
Received Prepare
Registering precompiled user dll's ...
Registered in 0.017588 seconds.
Begin MonoManager ReloadAssembly
Native extension for WindowsStandalone target not found
Refreshing native plugins compatible for Editor in 9.39 ms, found 3 plugins.
Preloading 0 native plugins for Editor in 0.00 ms.
Invoked RoslynAnalysisRunner static constructor.
RoslynAnalysisRunner will not be running.
RoslynAnalysisRunner has terminated.
InvalidOperationException: Sequence contains no matching element
  at System.Linq.Enumerable.First[TSource] (System.Collections.Generic.IEnumerable`1[T] source, System.Func`2[T,TResult] predicate) [0x00011] in <351e49e2a5bf4fd6beabb458ce2255f3>:0 
  at WeaverCore.Editor.Compilation.ScriptFinder.GetProjectScriptInfo () [0x0016a] in C:\Users\JLDeC\OneDrive\Documents\GitHub\Mods\FourSword-Tubers\Assets\WeaverCore\WeaverCore.Editor\Compilation\ScriptFinder.cs:111 
  at WeaverCore.Editor.VerifyWeaverCoreEditorState.StartCheck (System.Action`1[T] finishCheck) [0x00000] in C:\Users\JLDeC\OneDrive\Documents\GitHub\Mods\FourSword-Tubers\Assets\WeaverCore\WeaverCore.Editor\Dependency Checks\Checks\VerifyWeaverCoreEditorState.cs:18 
  at WeaverCore.Editor.DependencyChecker+<>c__DisplayClass13_0.<CheckDependencies>b__0 (WeaverCore.Editor.DependencyCheck+DependencyCheckResult result) [0x0011c] in C:\Users\JLDeC\OneDrive\Documents\GitHub\Mods\FourSword-Tubers\Assets\WeaverCore\WeaverCore.Editor\Dependency Checks\DependencyChecker.cs:199 
UnityEngine.DebugLogHandler:Internal_LogException(Exception, Object)
UnityEngine.DebugLogHandler:LogException(Exception, Object)
UnityEngine.Logger:LogException(Exception, Object)
UnityEngine.Debug:LogException(Exception)
WeaverCore.Editor.<>c__DisplayClass13_0:<CheckDependencies>b__0(DependencyCheckResult) (at Assets\WeaverCore\WeaverCore.Editor\Dependency Checks\DependencyChecker.cs:203)
WeaverCore.Editor.VerifyPhysics:StartCheck(Action`1) (at Assets\WeaverCore\WeaverCore.Editor\Dependency Checks\Checks\VerifyPhysics.cs:15)
WeaverCore.Editor.<>c__DisplayClass13_0:<CheckDependencies>b__0(DependencyCheckResult) (at Assets\WeaverCore\WeaverCore.Editor\Dependency Checks\DependencyChecker.cs:199)
WeaverCore.Editor.VerifyAPILevel:StartCheck(Action`1) (at Assets\WeaverCore\WeaverCore.Editor\Dependency Checks\Checks\VerifyAPILevel.cs:26)
WeaverCore.Editor.<>c__DisplayClass13_0:<CheckDependencies>b__0(DependencyCheckResult) (at Assets\WeaverCore\WeaverCore.Editor\Dependency Checks\DependencyChecker.cs:199)
WeaverCore.Editor.DependencyChecker:CheckDependencies(Boolean, List`1, Int32) (at Assets\WeaverCore\WeaverCore.Editor\Dependency Checks\DependencyChecker.cs:213)
WeaverCore.Editor.DependencyChecker:CheckDependencies() (at Assets\WeaverCore\WeaverCore.Editor\Dependency Checks\DependencyChecker.cs:126)
WeaverCore.Editor.Compilation.BuildTools:Init() (at Assets\WeaverCore\WeaverCore.Editor\Compilation\BuildTools.cs:483)
System.Reflection.MonoMethod:InternalInvoke(Object, Object[], Exception&)
System.Reflection.MonoMethod:Invoke(Object, BindingFlags, Binder, Object[], CultureInfo)
System.Reflection.MethodBase:Invoke(Object, Object[])
WeaverCore.Utilities.ReflectionUtilities:ExecuteMethodsWithAttribute(Func`3, BindingFlags, Boolean) (at Assets\WeaverCore\WeaverCore\Utilities\ReflectionUtilities.cs:530)
WeaverCore.Initialization:Initialize() (at Assets\WeaverCore\WeaverCore\Initialization.cs:75)
WeaverCore.Initialization:OnEditorInitialize() (at Assets\WeaverCore\WeaverCore\Initialization.cs:44)

An Error occured when doing a dependency check for : Verify Weaver Core Editor State. See console for more info
UnityEngine.StackTraceUtility:ExtractStackTrace ()
UnityEngine.DebugLogHandler:LogFormat (UnityEngine.LogType,UnityEngine.Object,string,object[])
UnityEngine.Logger:Log (UnityEngine.LogType,object)
UnityEngine.Debug:Log (object)
WeaverCore.Editor.DependencyChecker/<>c__DisplayClass13_0:<CheckDependencies>b__0 (WeaverCore.Editor.DependencyCheck/DependencyCheckResult) (at Assets/WeaverCore/WeaverCore.Editor/Dependency Checks/DependencyChecker.cs:156)
WeaverCore.Editor.DependencyChecker/<>c__DisplayClass13_0:<CheckDependencies>b__0 (WeaverCore.Editor.DependencyCheck/DependencyCheckResult) (at Assets/WeaverCore/WeaverCore.Editor/Dependency Checks/DependencyChecker.cs:204)
WeaverCore.Editor.VerifyPhysics:StartCheck (System.Action`1<WeaverCore.Editor.DependencyCheck/DependencyCheckResult>) (at Assets/WeaverCore/WeaverCore.Editor/Dependency Checks/Checks/VerifyPhysics.cs:15)
WeaverCore.Editor.DependencyChecker/<>c__DisplayClass13_0:<CheckDependencies>b__0 (WeaverCore.Editor.DependencyCheck/DependencyCheckResult) (at Assets/WeaverCore/WeaverCore.Editor/Dependency Checks/DependencyChecker.cs:199)
WeaverCore.Editor.VerifyAPILevel:StartCheck (System.Action`1<WeaverCore.Editor.DependencyCheck/DependencyCheckResult>) (at Assets/WeaverCore/WeaverCore.Editor/Dependency Checks/Checks/VerifyAPILevel.cs:26)
WeaverCore.Editor.DependencyChecker/<>c__DisplayClass13_0:<CheckDependencies>b__0 (WeaverCore.Editor.DependencyCheck/DependencyCheckResult) (at Assets/WeaverCore/WeaverCore.Editor/Dependency Checks/DependencyChecker.cs:199)
WeaverCore.Editor.DependencyChecker:CheckDependencies (bool,System.Collections.Generic.List`1<WeaverCore.Editor.DependencyCheck>,int) (at Assets/WeaverCore/WeaverCore.Editor/Dependency Checks/DependencyChecker.cs:213)
WeaverCore.Editor.DependencyChecker:CheckDependencies () (at Assets/WeaverCore/WeaverCore.Editor/Dependency Checks/DependencyChecker.cs:126)
WeaverCore.Editor.Compilation.BuildTools:Init () (at Assets/WeaverCore/WeaverCore.Editor/Compilation/BuildTools.cs:483)
System.Reflection.MonoMethod:Invoke (object,System.Reflection.BindingFlags,System.Reflection.Binder,object[],System.Globalization.CultureInfo)
System.Reflection.MethodBase:Invoke (object,object[])
WeaverCore.Utilities.ReflectionUtilities:ExecuteMethodsWithAttribute<WeaverCore.Attributes.OnInitAttribute> (System.Func`3<System.Reflection.MethodInfo, WeaverCore.Attributes.OnInitAttribute, bool>,System.Reflection.BindingFlags,bool) (at Assets/WeaverCore/WeaverCore/Utilities/ReflectionUtilities.cs:530)
WeaverCore.Initialization:Initialize () (at Assets/WeaverCore/WeaverCore/Initialization.cs:75)
WeaverCore.Initialization:OnEditorInitialize () (at Assets/WeaverCore/WeaverCore/Initialization.cs:44)

(Filename: Assets/WeaverCore/WeaverCore.Editor/Dependency Checks/DependencyChecker.cs Line: 156)

Mono: successfully reloaded assembly
- Completed reload, in 79.163 seconds
Platform modules already initialized, skipping
Refreshing native plugins compatible for Editor in 2.44 ms, found 3 plugins.
Preloading 0 native plugins for Editor in 0.00 ms.
Unloading 2620 Unused Serialized files (Serialized files now loaded: 0)
System memory in use before: 120.2 MB.
System memory in use after: 120.4 MB.

Unloading 36 unused Assets to reduce memory usage. Loaded Objects now: 3158.
Total: 22.041800 ms (FindLiveObjects: 1.035800 ms CreateObjectMapping: 0.575000 ms MarkObjects: 20.105700 ms  DeleteObjects: 0.319500 ms)

========================================================================
Received Import Request.
  Time since last request: 2492.292514 seconds.
  path: Assets/NewSceneRecord.asset
  artifactKey: Guid(b10e6778bd7eca54dac2e964b6e19365) Importer(815301076,1909f56bfc062723c751e8b465ee728b)
Start importing Assets/NewSceneRecord.asset using Guid(b10e6778bd7eca54dac2e964b6e19365) Importer(815301076,1909f56bfc062723c751e8b465ee728b)  -> (artifact id: '1828ce8bc44243967b271ce2a7c7856b') in 0.532065 seconds
  Import took 0.587080 seconds .

========================================================================
Received Prepare
Registering precompiled user dll's ...
Registered in 0.019627 seconds.
Begin MonoManager ReloadAssembly
Native extension for WindowsStandalone target not found
Refreshing native plugins compatible for Editor in 1.83 ms, found 3 plugins.
Preloading 0 native plugins for Editor in 0.00 ms.
Invoked RoslynAnalysisRunner static constructor.
RoslynAnalysisRunner will not be running.
RoslynAnalysisRunner has terminated.
InvalidOperationException: Sequence contains no matching element
  at System.Linq.Enumerable.First[TSource] (System.Collections.Generic.IEnumerable`1[T] source, System.Func`2[T,TResult] predicate) [0x00011] in <351e49e2a5bf4fd6beabb458ce2255f3>:0 
  at WeaverCore.Editor.Compilation.ScriptFinder.GetProjectScriptInfo () [0x0016a] in C:\Users\JLDeC\OneDrive\Documents\GitHub\Mods\FourSword-Tubers\Assets\WeaverCore\WeaverCore.Editor\Compilation\ScriptFinder.cs:111 
  at WeaverCore.Editor.VerifyWeaverCoreEditorState.StartCheck (System.Action`1[T] finishCheck) [0x00000] in C:\Users\JLDeC\OneDrive\Documents\GitHub\Mods\FourSword-Tubers\Assets\WeaverCore\WeaverCore.Editor\Dependency Checks\Checks\VerifyWeaverCoreEditorState.cs:18 
  at WeaverCore.Editor.DependencyChecker+<>c__DisplayClass13_0.<CheckDependencies>b__0 (WeaverCore.Editor.DependencyCheck+DependencyCheckResult result) [0x0011c] in C:\Users\JLDeC\OneDrive\Documents\GitHub\Mods\FourSword-Tubers\Assets\WeaverCore\WeaverCore.Editor\Dependency Checks\DependencyChecker.cs:199 
UnityEngine.DebugLogHandler:Internal_LogException(Exception, Object)
UnityEngine.DebugLogHandler:LogException(Exception, Object)
UnityEngine.Logger:LogException(Exception, Object)
UnityEngine.Debug:LogException(Exception)
WeaverCore.Editor.<>c__DisplayClass13_0:<CheckDependencies>b__0(DependencyCheckResult) (at Assets\WeaverCore\WeaverCore.Editor\Dependency Checks\DependencyChecker.cs:203)
WeaverCore.Editor.VerifyPhysics:StartCheck(Action`1) (at Assets\WeaverCore\WeaverCore.Editor\Dependency Checks\Checks\VerifyPhysics.cs:15)
WeaverCore.Editor.<>c__DisplayClass13_0:<CheckDependencies>b__0(DependencyCheckResult) (at Assets\WeaverCore\WeaverCore.Editor\Dependency Checks\DependencyChecker.cs:199)
WeaverCore.Editor.VerifyAPILevel:StartCheck(Action`1) (at Assets\WeaverCore\WeaverCore.Editor\Dependency Checks\Checks\VerifyAPILevel.cs:26)
WeaverCore.Editor.<>c__DisplayClass13_0:<CheckDependencies>b__0(DependencyCheckResult) (at Assets\WeaverCore\WeaverCore.Editor\Dependency Checks\DependencyChecker.cs:199)
WeaverCore.Editor.DependencyChecker:CheckDependencies(Boolean, List`1, Int32) (at Assets\WeaverCore\WeaverCore.Editor\Dependency Checks\DependencyChecker.cs:213)
WeaverCore.Editor.DependencyChecker:CheckDependencies() (at Assets\WeaverCore\WeaverCore.Editor\Dependency Checks\DependencyChecker.cs:126)
WeaverCore.Editor.Compilation.BuildTools:Init() (at Assets\WeaverCore\WeaverCore.Editor\Compilation\BuildTools.cs:483)
System.Reflection.MonoMethod:InternalInvoke(Object, Object[], Exception&)
System.Reflection.MonoMethod:Invoke(Object, BindingFlags, Binder, Object[], CultureInfo)
System.Reflection.MethodBase:Invoke(Object, Object[])
WeaverCore.Utilities.ReflectionUtilities:ExecuteMethodsWithAttribute(Func`3, BindingFlags, Boolean) (at Assets\WeaverCore\WeaverCore\Utilities\ReflectionUtilities.cs:530)
WeaverCore.Initialization:Initialize() (at Assets\WeaverCore\WeaverCore\Initialization.cs:75)
WeaverCore.Initialization:OnEditorInitialize() (at Assets\WeaverCore\WeaverCore\Initialization.cs:44)

An Error occured when doing a dependency check for : Verify Weaver Core Editor State. See console for more info
UnityEngine.StackTraceUtility:ExtractStackTrace ()
UnityEngine.DebugLogHandler:LogFormat (UnityEngine.LogType,UnityEngine.Object,string,object[])
UnityEngine.Logger:Log (UnityEngine.LogType,object)
UnityEngine.Debug:Log (object)
WeaverCore.Editor.DependencyChecker/<>c__DisplayClass13_0:<CheckDependencies>b__0 (WeaverCore.Editor.DependencyCheck/DependencyCheckResult) (at Assets/WeaverCore/WeaverCore.Editor/Dependency Checks/DependencyChecker.cs:156)
WeaverCore.Editor.DependencyChecker/<>c__DisplayClass13_0:<CheckDependencies>b__0 (WeaverCore.Editor.DependencyCheck/DependencyCheckResult) (at Assets/WeaverCore/WeaverCore.Editor/Dependency Checks/DependencyChecker.cs:204)
WeaverCore.Editor.VerifyPhysics:StartCheck (System.Action`1<WeaverCore.Editor.DependencyCheck/DependencyCheckResult>) (at Assets/WeaverCore/WeaverCore.Editor/Dependency Checks/Checks/VerifyPhysics.cs:15)
WeaverCore.Editor.DependencyChecker/<>c__DisplayClass13_0:<CheckDependencies>b__0 (WeaverCore.Editor.DependencyCheck/DependencyCheckResult) (at Assets/WeaverCore/WeaverCore.Editor/Dependency Checks/DependencyChecker.cs:199)
WeaverCore.Editor.VerifyAPILevel:StartCheck (System.Action`1<WeaverCore.Editor.DependencyCheck/DependencyCheckResult>) (at Assets/WeaverCore/WeaverCore.Editor/Dependency Checks/Checks/VerifyAPILevel.cs:26)
WeaverCore.Editor.DependencyChecker/<>c__DisplayClass13_0:<CheckDependencies>b__0 (WeaverCore.Editor.DependencyCheck/DependencyCheckResult) (at Assets/WeaverCore/WeaverCore.Editor/Dependency Checks/DependencyChecker.cs:199)
WeaverCore.Editor.DependencyChecker:CheckDependencies (bool,System.Collections.Generic.List`1<WeaverCore.Editor.DependencyCheck>,int) (at Assets/WeaverCore/WeaverCore.Editor/Dependency Checks/DependencyChecker.cs:213)
WeaverCore.Editor.DependencyChecker:CheckDependencies () (at Assets/WeaverCore/WeaverCore.Editor/Dependency Checks/DependencyChecker.cs:126)
WeaverCore.Editor.Compilation.BuildTools:Init () (at Assets/WeaverCore/WeaverCore.Editor/Compilation/BuildTools.cs:483)
System.Reflection.MonoMethod:Invoke (object,System.Reflection.BindingFlags,System.Reflection.Binder,object[],System.Globalization.CultureInfo)
System.Reflection.MethodBase:Invoke (object,object[])
WeaverCore.Utilities.ReflectionUtilities:ExecuteMethodsWithAttribute<WeaverCore.Attributes.OnInitAttribute> (System.Func`3<System.Reflection.MethodInfo, WeaverCore.Attributes.OnInitAttribute, bool>,System.Reflection.BindingFlags,bool) (at Assets/WeaverCore/WeaverCore/Utilities/ReflectionUtilities.cs:530)
WeaverCore.Initialization:Initialize () (at Assets/WeaverCore/WeaverCore/Initialization.cs:75)
WeaverCore.Initialization:OnEditorInitialize () (at Assets/WeaverCore/WeaverCore/Initialization.cs:44)

(Filename: Assets/WeaverCore/WeaverCore.Editor/Dependency Checks/DependencyChecker.cs Line: 156)

Mono: successfully reloaded assembly
- Completed reload, in  7.488 seconds
Platform modules already initialized, skipping
Refreshing native plugins compatible for Editor in 1.09 ms, found 3 plugins.
Preloading 0 native plugins for Editor in 0.00 ms.
Unloading 2620 Unused Serialized files (Serialized files now loaded: 0)
System memory in use before: 120.1 MB.
System memory in use after: 120.3 MB.

Unloading 36 unused Assets to reduce memory usage. Loaded Objects now: 3161.
Total: 9.736400 ms (FindLiveObjects: 0.496700 ms CreateObjectMapping: 0.343000 ms MarkObjects: 8.582000 ms  DeleteObjects: 0.311300 ms)

========================================================================
Received Prepare
Registering precompiled user dll's ...
Registered in 0.009129 seconds.
Begin MonoManager ReloadAssembly
Native extension for WindowsStandalone target not found
Refreshing native plugins compatible for Editor in 1.14 ms, found 3 plugins.
Preloading 0 native plugins for Editor in 0.00 ms.
Invoked RoslynAnalysisRunner static constructor.
RoslynAnalysisRunner will not be running.
RoslynAnalysisRunner has terminated.
InvalidOperationException: Sequence contains no matching element
  at System.Linq.Enumerable.First[TSource] (System.Collections.Generic.IEnumerable`1[T] source, System.Func`2[T,TResult] predicate) [0x00011] in <351e49e2a5bf4fd6beabb458ce2255f3>:0 
  at WeaverCore.Editor.Compilation.ScriptFinder.GetProjectScriptInfo () [0x0016a] in C:\Users\JLDeC\OneDrive\Documents\GitHub\Mods\FourSword-Tubers\Assets\WeaverCore\WeaverCore.Editor\Compilation\ScriptFinder.cs:111 
  at WeaverCore.Editor.VerifyWeaverCoreEditorState.StartCheck (System.Action`1[T] finishCheck) [0x00000] in C:\Users\JLDeC\OneDrive\Documents\GitHub\Mods\FourSword-Tubers\Assets\WeaverCore\WeaverCore.Editor\Dependency Checks\Checks\VerifyWeaverCoreEditorState.cs:18 
  at WeaverCore.Editor.DependencyChecker+<>c__DisplayClass13_0.<CheckDependencies>b__0 (WeaverCore.Editor.DependencyCheck+DependencyCheckResult result) [0x0011c] in C:\Users\JLDeC\OneDrive\Documents\GitHub\Mods\FourSword-Tubers\Assets\WeaverCore\WeaverCore.Editor\Dependency Checks\DependencyChecker.cs:199 
UnityEngine.DebugLogHandler:Internal_LogException(Exception, Object)
UnityEngine.DebugLogHandler:LogException(Exception, Object)
UnityEngine.Logger:LogException(Exception, Object)
UnityEngine.Debug:LogException(Exception)
WeaverCore.Editor.<>c__DisplayClass13_0:<CheckDependencies>b__0(DependencyCheckResult) (at Assets\WeaverCore\WeaverCore.Editor\Dependency Checks\DependencyChecker.cs:203)
WeaverCore.Editor.VerifyPhysics:StartCheck(Action`1) (at Assets\WeaverCore\WeaverCore.Editor\Dependency Checks\Checks\VerifyPhysics.cs:15)
WeaverCore.Editor.<>c__DisplayClass13_0:<CheckDependencies>b__0(DependencyCheckResult) (at Assets\WeaverCore\WeaverCore.Editor\Dependency Checks\DependencyChecker.cs:199)
WeaverCore.Editor.VerifyAPILevel:StartCheck(Action`1) (at Assets\WeaverCore\WeaverCore.Editor\Dependency Checks\Checks\VerifyAPILevel.cs:26)
WeaverCore.Editor.<>c__DisplayClass13_0:<CheckDependencies>b__0(DependencyCheckResult) (at Assets\WeaverCore\WeaverCore.Editor\Dependency Checks\DependencyChecker.cs:199)
WeaverCore.Editor.DependencyChecker:CheckDependencies(Boolean, List`1, Int32) (at Assets\WeaverCore\WeaverCore.Editor\Dependency Checks\DependencyChecker.cs:213)
WeaverCore.Editor.DependencyChecker:CheckDependencies() (at Assets\WeaverCore\WeaverCore.Editor\Dependency Checks\DependencyChecker.cs:126)
WeaverCore.Editor.Compilation.BuildTools:Init() (at Assets\WeaverCore\WeaverCore.Editor\Compilation\BuildTools.cs:483)
System.Reflection.MonoMethod:InternalInvoke(Object, Object[], Exception&)
System.Reflection.MonoMethod:Invoke(Object, BindingFlags, Binder, Object[], CultureInfo)
System.Reflection.MethodBase:Invoke(Object, Object[])
WeaverCore.Utilities.ReflectionUtilities:ExecuteMethodsWithAttribute(Func`3, BindingFlags, Boolean) (at Assets\WeaverCore\WeaverCore\Utilities\ReflectionUtilities.cs:530)
WeaverCore.Initialization:Initialize() (at Assets\WeaverCore\WeaverCore\Initialization.cs:75)
WeaverCore.Initialization:OnEditorInitialize() (at Assets\WeaverCore\WeaverCore\Initialization.cs:44)

An Error occured when doing a dependency check for : Verify Weaver Core Editor State. See console for more info
UnityEngine.StackTraceUtility:ExtractStackTrace ()
UnityEngine.DebugLogHandler:LogFormat (UnityEngine.LogType,UnityEngine.Object,string,object[])
UnityEngine.Logger:Log (UnityEngine.LogType,object)
UnityEngine.Debug:Log (object)
WeaverCore.Editor.DependencyChecker/<>c__DisplayClass13_0:<CheckDependencies>b__0 (WeaverCore.Editor.DependencyCheck/DependencyCheckResult) (at Assets/WeaverCore/WeaverCore.Editor/Dependency Checks/DependencyChecker.cs:156)
WeaverCore.Editor.DependencyChecker/<>c__DisplayClass13_0:<CheckDependencies>b__0 (WeaverCore.Editor.DependencyCheck/DependencyCheckResult) (at Assets/WeaverCore/WeaverCore.Editor/Dependency Checks/DependencyChecker.cs:204)
WeaverCore.Editor.VerifyPhysics:StartCheck (System.Action`1<WeaverCore.Editor.DependencyCheck/DependencyCheckResult>) (at Assets/WeaverCore/WeaverCore.Editor/Dependency Checks/Checks/VerifyPhysics.cs:15)
WeaverCore.Editor.DependencyChecker/<>c__DisplayClass13_0:<CheckDependencies>b__0 (WeaverCore.Editor.DependencyCheck/DependencyCheckResult) (at Assets/WeaverCore/WeaverCore.Editor/Dependency Checks/DependencyChecker.cs:199)
WeaverCore.Editor.VerifyAPILevel:StartCheck (System.Action`1<WeaverCore.Editor.DependencyCheck/DependencyCheckResult>) (at Assets/WeaverCore/WeaverCore.Editor/Dependency Checks/Checks/VerifyAPILevel.cs:26)
WeaverCore.Editor.DependencyChecker/<>c__DisplayClass13_0:<CheckDependencies>b__0 (WeaverCore.Editor.DependencyCheck/DependencyCheckResult) (at Assets/WeaverCore/WeaverCore.Editor/Dependency Checks/DependencyChecker.cs:199)
WeaverCore.Editor.DependencyChecker:CheckDependencies (bool,System.Collections.Generic.List`1<WeaverCore.Editor.DependencyCheck>,int) (at Assets/WeaverCore/WeaverCore.Editor/Dependency Checks/DependencyChecker.cs:213)
WeaverCore.Editor.DependencyChecker:CheckDependencies () (at Assets/WeaverCore/WeaverCore.Editor/Dependency Checks/DependencyChecker.cs:126)
WeaverCore.Editor.Compilation.BuildTools:Init () (at Assets/WeaverCore/WeaverCore.Editor/Compilation/BuildTools.cs:483)
System.Reflection.MonoMethod:Invoke (object,System.Reflection.BindingFlags,System.Reflection.Binder,object[],System.Globalization.CultureInfo)
System.Reflection.MethodBase:Invoke (object,object[])
WeaverCore.Utilities.ReflectionUtilities:ExecuteMethodsWithAttribute<WeaverCore.Attributes.OnInitAttribute> (System.Func`3<System.Reflection.MethodInfo, WeaverCore.Attributes.OnInitAttribute, bool>,System.Reflection.BindingFlags,bool) (at Assets/WeaverCore/WeaverCore/Utilities/ReflectionUtilities.cs:530)
WeaverCore.Initialization:Initialize () (at Assets/WeaverCore/WeaverCore/Initialization.cs:75)
WeaverCore.Initialization:OnEditorInitialize () (at Assets/WeaverCore/WeaverCore/Initialization.cs:44)

(Filename: Assets/WeaverCore/WeaverCore.Editor/Dependency Checks/DependencyChecker.cs Line: 156)

Mono: successfully reloaded assembly
- Completed reload, in 28.935 seconds
Platform modules already initialized, skipping
Refreshing native plugins compatible for Editor in 1.20 ms, found 3 plugins.
Preloading 0 native plugins for Editor in 0.00 ms.
Unloading 2620 Unused Serialized files (Serialized files now loaded: 0)
System memory in use before: 120.3 MB.
System memory in use after: 120.4 MB.

Unloading 36 unused Assets to reduce memory usage. Loaded Objects now: 3164.
Total: 11.553900 ms (FindLiveObjects: 0.794700 ms CreateObjectMapping: 0.475700 ms MarkObjects: 10.041400 ms  DeleteObjects: 0.237500 ms)

========================================================================
Received Import Request.
  Time since last request: 864.705739 seconds.
  path: Assets/Scenes/FS_2.unity
  artifactKey: Guid(8b6e1b3a67fd93844b3c8b17735ac488) Importer(815301076,1909f56bfc062723c751e8b465ee728b)
Start importing Assets/Scenes/FS_2.unity using Guid(8b6e1b3a67fd93844b3c8b17735ac488) Importer(815301076,1909f56bfc062723c751e8b465ee728b)  -> (artifact id: 'c2af1427fe979560f25ea18215093426') in 0.038626 seconds
  Import took 0.060741 seconds .

========================================================================
Received Import Request.
  Time since last request: 113.758720 seconds.
  path: Assets/Scenes/FS_1.unity
  artifactKey: Guid(f104cecde09ac0d4c9675fb6e3c2bd2e) Importer(815301076,1909f56bfc062723c751e8b465ee728b)
Start importing Assets/Scenes/FS_1.unity using Guid(f104cecde09ac0d4c9675fb6e3c2bd2e) Importer(815301076,1909f56bfc062723c751e8b465ee728b)  -> (artifact id: '82d580bde557b952a72df42d49dd632c') in 0.027431 seconds
  Import took 0.044148 seconds .

========================================================================
Received Import Request.
  Time since last request: 46.446366 seconds.
  path: Assets/Scenes/FS_2.unity
  artifactKey: Guid(8b6e1b3a67fd93844b3c8b17735ac488) Importer(815301076,1909f56bfc062723c751e8b465ee728b)
Start importing Assets/Scenes/FS_2.unity using Guid(8b6e1b3a67fd93844b3c8b17735ac488) Importer(815301076,1909f56bfc062723c751e8b465ee728b)  -> (artifact id: '16b2e056dd5640d10f3c449d9d0e9729') in 0.022254 seconds
  Import took 0.040181 seconds .

========================================================================
Received Prepare
Registering precompiled user dll's ...
Registered in 0.017020 seconds.
Begin MonoManager ReloadAssembly
Native extension for WindowsStandalone target not found
Refreshing native plugins compatible for Editor in 1.83 ms, found 3 plugins.
Preloading 0 native plugins for Editor in 0.00 ms.
Invoked RoslynAnalysisRunner static constructor.
RoslynAnalysisRunner will not be running.
RoslynAnalysisRunner has terminated.
InvalidOperationException: Sequence contains no matching element
  at System.Linq.Enumerable.First[TSource] (System.Collections.Generic.IEnumerable`1[T] source, System.Func`2[T,TResult] predicate) [0x00011] in <351e49e2a5bf4fd6beabb458ce2255f3>:0 
  at WeaverCore.Editor.Compilation.ScriptFinder.GetProjectScriptInfo () [0x0016a] in C:\Users\JLDeC\OneDrive\Documents\GitHub\Mods\FourSword-Tubers\Assets\WeaverCore\WeaverCore.Editor\Compilation\ScriptFinder.cs:111 
  at WeaverCore.Editor.VerifyWeaverCoreEditorState.StartCheck (System.Action`1[T] finishCheck) [0x00000] in C:\Users\JLDeC\OneDrive\Documents\GitHub\Mods\FourSword-Tubers\Assets\WeaverCore\WeaverCore.Editor\Dependency Checks\Checks\VerifyWeaverCoreEditorState.cs:18 
  at WeaverCore.Editor.DependencyChecker+<>c__DisplayClass13_0.<CheckDependencies>b__0 (WeaverCore.Editor.DependencyCheck+DependencyCheckResult result) [0x0011c] in C:\Users\JLDeC\OneDrive\Documents\GitHub\Mods\FourSword-Tubers\Assets\WeaverCore\WeaverCore.Editor\Dependency Checks\DependencyChecker.cs:199 
UnityEngine.DebugLogHandler:Internal_LogException(Exception, Object)
UnityEngine.DebugLogHandler:LogException(Exception, Object)
UnityEngine.Logger:LogException(Exception, Object)
UnityEngine.Debug:LogException(Exception)
WeaverCore.Editor.<>c__DisplayClass13_0:<CheckDependencies>b__0(DependencyCheckResult) (at Assets\WeaverCore\WeaverCore.Editor\Dependency Checks\DependencyChecker.cs:203)
WeaverCore.Editor.VerifyPhysics:StartCheck(Action`1) (at Assets\WeaverCore\WeaverCore.Editor\Dependency Checks\Checks\VerifyPhysics.cs:15)
WeaverCore.Editor.<>c__DisplayClass13_0:<CheckDependencies>b__0(DependencyCheckResult) (at Assets\WeaverCore\WeaverCore.Editor\Dependency Checks\DependencyChecker.cs:199)
WeaverCore.Editor.VerifyAPILevel:StartCheck(Action`1) (at Assets\WeaverCore\WeaverCore.Editor\Dependency Checks\Checks\VerifyAPILevel.cs:26)
WeaverCore.Editor.<>c__DisplayClass13_0:<CheckDependencies>b__0(DependencyCheckResult) (at Assets\WeaverCore\WeaverCore.Editor\Dependency Checks\DependencyChecker.cs:199)
WeaverCore.Editor.DependencyChecker:CheckDependencies(Boolean, List`1, Int32) (at Assets\WeaverCore\WeaverCore.Editor\Dependency Checks\DependencyChecker.cs:213)
WeaverCore.Editor.DependencyChecker:CheckDependencies() (at Assets\WeaverCore\WeaverCore.Editor\Dependency Checks\DependencyChecker.cs:126)
WeaverCore.Editor.Compilation.BuildTools:Init() (at Assets\WeaverCore\WeaverCore.Editor\Compilation\BuildTools.cs:483)
System.Reflection.MonoMethod:InternalInvoke(Object, Object[], Exception&)
System.Reflection.MonoMethod:Invoke(Object, BindingFlags, Binder, Object[], CultureInfo)
System.Reflection.MethodBase:Invoke(Object, Object[])
WeaverCore.Utilities.ReflectionUtilities:ExecuteMethodsWithAttribute(Func`3, BindingFlags, Boolean) (at Assets\WeaverCore\WeaverCore\Utilities\ReflectionUtilities.cs:530)
WeaverCore.Initialization:Initialize() (at Assets\WeaverCore\WeaverCore\Initialization.cs:75)
WeaverCore.Initialization:OnEditorInitialize() (at Assets\WeaverCore\WeaverCore\Initialization.cs:44)

An Error occured when doing a dependency check for : Verify Weaver Core Editor State. See console for more info
UnityEngine.StackTraceUtility:ExtractStackTrace ()
UnityEngine.DebugLogHandler:LogFormat (UnityEngine.LogType,UnityEngine.Object,string,object[])
UnityEngine.Logger:Log (UnityEngine.LogType,object)
UnityEngine.Debug:Log (object)
WeaverCore.Editor.DependencyChecker/<>c__DisplayClass13_0:<CheckDependencies>b__0 (WeaverCore.Editor.DependencyCheck/DependencyCheckResult) (at Assets/WeaverCore/WeaverCore.Editor/Dependency Checks/DependencyChecker.cs:156)
WeaverCore.Editor.DependencyChecker/<>c__DisplayClass13_0:<CheckDependencies>b__0 (WeaverCore.Editor.DependencyCheck/DependencyCheckResult) (at Assets/WeaverCore/WeaverCore.Editor/Dependency Checks/DependencyChecker.cs:204)
WeaverCore.Editor.VerifyPhysics:StartCheck (System.Action`1<WeaverCore.Editor.DependencyCheck/DependencyCheckResult>) (at Assets/WeaverCore/WeaverCore.Editor/Dependency Checks/Checks/VerifyPhysics.cs:15)
WeaverCore.Editor.DependencyChecker/<>c__DisplayClass13_0:<CheckDependencies>b__0 (WeaverCore.Editor.DependencyCheck/DependencyCheckResult) (at Assets/WeaverCore/WeaverCore.Editor/Dependency Checks/DependencyChecker.cs:199)
WeaverCore.Editor.VerifyAPILevel:StartCheck (System.Action`1<WeaverCore.Editor.DependencyCheck/DependencyCheckResult>) (at Assets/WeaverCore/WeaverCore.Editor/Dependency Checks/Checks/VerifyAPILevel.cs:26)
WeaverCore.Editor.DependencyChecker/<>c__DisplayClass13_0:<CheckDependencies>b__0 (WeaverCore.Editor.DependencyCheck/DependencyCheckResult) (at Assets/WeaverCore/WeaverCore.Editor/Dependency Checks/DependencyChecker.cs:199)
WeaverCore.Editor.DependencyChecker:CheckDependencies (bool,System.Collections.Generic.List`1<WeaverCore.Editor.DependencyCheck>,int) (at Assets/WeaverCore/WeaverCore.Editor/Dependency Checks/DependencyChecker.cs:213)
WeaverCore.Editor.DependencyChecker:CheckDependencies () (at Assets/WeaverCore/WeaverCore.Editor/Dependency Checks/DependencyChecker.cs:126)
WeaverCore.Editor.Compilation.BuildTools:Init () (at Assets/WeaverCore/WeaverCore.Editor/Compilation/BuildTools.cs:483)
System.Reflection.MonoMethod:Invoke (object,System.Reflection.BindingFlags,System.Reflection.Binder,object[],System.Globalization.CultureInfo)
System.Reflection.MethodBase:Invoke (object,object[])
WeaverCore.Utilities.ReflectionUtilities:ExecuteMethodsWithAttribute<WeaverCore.Attributes.OnInitAttribute> (System.Func`3<System.Reflection.MethodInfo, WeaverCore.Attributes.OnInitAttribute, bool>,System.Reflection.BindingFlags,bool) (at Assets/WeaverCore/WeaverCore/Utilities/ReflectionUtilities.cs:530)
WeaverCore.Initialization:Initialize () (at Assets/WeaverCore/WeaverCore/Initialization.cs:75)
WeaverCore.Initialization:OnEditorInitialize () (at Assets/WeaverCore/WeaverCore/Initialization.cs:44)

(Filename: Assets/WeaverCore/WeaverCore.Editor/Dependency Checks/DependencyChecker.cs Line: 156)

Mono: successfully reloaded assembly
- Completed reload, in  9.770 seconds
Platform modules already initialized, skipping
Refreshing native plugins compatible for Editor in 1.59 ms, found 3 plugins.
Preloading 0 native plugins for Editor in 0.00 ms.
Unloading 2620 Unused Serialized files (Serialized files now loaded: 0)
System memory in use before: 120.3 MB.
System memory in use after: 120.5 MB.

Unloading 36 unused Assets to reduce memory usage. Loaded Objects now: 3167.
Total: 10.407800 ms (FindLiveObjects: 0.720300 ms CreateObjectMapping: 0.290000 ms MarkObjects: 9.173100 ms  DeleteObjects: 0.221400 ms)

========================================================================
Received Prepare
Registering precompiled user dll's ...
Registered in 0.013716 seconds.
Begin MonoManager ReloadAssembly
Native extension for WindowsStandalone target not found
Refreshing native plugins compatible for Editor in 2.02 ms, found 3 plugins.
Preloading 0 native plugins for Editor in 0.00 ms.
Invoked RoslynAnalysisRunner static constructor.
RoslynAnalysisRunner will not be running.
RoslynAnalysisRunner has terminated.
InvalidOperationException: Sequence contains no matching element
  at System.Linq.Enumerable.First[TSource] (System.Collections.Generic.IEnumerable`1[T] source, System.Func`2[T,TResult] predicate) [0x00011] in <351e49e2a5bf4fd6beabb458ce2255f3>:0 
  at WeaverCore.Editor.Compilation.ScriptFinder.GetProjectScriptInfo () [0x0016a] in C:\Users\JLDeC\OneDrive\Documents\GitHub\Mods\FourSword-Tubers\Assets\WeaverCore\WeaverCore.Editor\Compilation\ScriptFinder.cs:111 
  at WeaverCore.Editor.VerifyWeaverCoreEditorState.StartCheck (System.Action`1[T] finishCheck) [0x00000] in C:\Users\JLDeC\OneDrive\Documents\GitHub\Mods\FourSword-Tubers\Assets\WeaverCore\WeaverCore.Editor\Dependency Checks\Checks\VerifyWeaverCoreEditorState.cs:18 
  at WeaverCore.Editor.DependencyChecker+<>c__DisplayClass13_0.<CheckDependencies>b__0 (WeaverCore.Editor.DependencyCheck+DependencyCheckResult result) [0x0011c] in C:\Users\JLDeC\OneDrive\Documents\GitHub\Mods\FourSword-Tubers\Assets\WeaverCore\WeaverCore.Editor\Dependency Checks\DependencyChecker.cs:199 
UnityEngine.DebugLogHandler:Internal_LogException(Exception, Object)
UnityEngine.DebugLogHandler:LogException(Exception, Object)
UnityEngine.Logger:LogException(Exception, Object)
UnityEngine.Debug:LogException(Exception)
WeaverCore.Editor.<>c__DisplayClass13_0:<CheckDependencies>b__0(DependencyCheckResult) (at Assets\WeaverCore\WeaverCore.Editor\Dependency Checks\DependencyChecker.cs:203)
WeaverCore.Editor.VerifyPhysics:StartCheck(Action`1) (at Assets\WeaverCore\WeaverCore.Editor\Dependency Checks\Checks\VerifyPhysics.cs:15)
WeaverCore.Editor.<>c__DisplayClass13_0:<CheckDependencies>b__0(DependencyCheckResult) (at Assets\WeaverCore\WeaverCore.Editor\Dependency Checks\DependencyChecker.cs:199)
WeaverCore.Editor.VerifyAPILevel:StartCheck(Action`1) (at Assets\WeaverCore\WeaverCore.Editor\Dependency Checks\Checks\VerifyAPILevel.cs:26)
WeaverCore.Editor.<>c__DisplayClass13_0:<CheckDependencies>b__0(DependencyCheckResult) (at Assets\WeaverCore\WeaverCore.Editor\Dependency Checks\DependencyChecker.cs:199)
WeaverCore.Editor.DependencyChecker:CheckDependencies(Boolean, List`1, Int32) (at Assets\WeaverCore\WeaverCore.Editor\Dependency Checks\DependencyChecker.cs:213)
WeaverCore.Editor.DependencyChecker:CheckDependencies() (at Assets\WeaverCore\WeaverCore.Editor\Dependency Checks\DependencyChecker.cs:126)
WeaverCore.Editor.Compilation.BuildTools:Init() (at Assets\WeaverCore\WeaverCore.Editor\Compilation\BuildTools.cs:483)
System.Reflection.MonoMethod:InternalInvoke(Object, Object[], Exception&)
System.Reflection.MonoMethod:Invoke(Object, BindingFlags, Binder, Object[], CultureInfo)
System.Reflection.MethodBase:Invoke(Object, Object[])
WeaverCore.Utilities.ReflectionUtilities:ExecuteMethodsWithAttribute(Func`3, BindingFlags, Boolean) (at Assets\WeaverCore\WeaverCore\Utilities\ReflectionUtilities.cs:530)
WeaverCore.Initialization:Initialize() (at Assets\WeaverCore\WeaverCore\Initialization.cs:75)
WeaverCore.Initialization:OnEditorInitialize() (at Assets\WeaverCore\WeaverCore\Initialization.cs:44)

An Error occured when doing a dependency check for : Verify Weaver Core Editor State. See console for more info
UnityEngine.StackTraceUtility:ExtractStackTrace ()
UnityEngine.DebugLogHandler:LogFormat (UnityEngine.LogType,UnityEngine.Object,string,object[])
UnityEngine.Logger:Log (UnityEngine.LogType,object)
UnityEngine.Debug:Log (object)
WeaverCore.Editor.DependencyChecker/<>c__DisplayClass13_0:<CheckDependencies>b__0 (WeaverCore.Editor.DependencyCheck/DependencyCheckResult) (at Assets/WeaverCore/WeaverCore.Editor/Dependency Checks/DependencyChecker.cs:156)
WeaverCore.Editor.DependencyChecker/<>c__DisplayClass13_0:<CheckDependencies>b__0 (WeaverCore.Editor.DependencyCheck/DependencyCheckResult) (at Assets/WeaverCore/WeaverCore.Editor/Dependency Checks/DependencyChecker.cs:204)
WeaverCore.Editor.VerifyPhysics:StartCheck (System.Action`1<WeaverCore.Editor.DependencyCheck/DependencyCheckResult>) (at Assets/WeaverCore/WeaverCore.Editor/Dependency Checks/Checks/VerifyPhysics.cs:15)
WeaverCore.Editor.DependencyChecker/<>c__DisplayClass13_0:<CheckDependencies>b__0 (WeaverCore.Editor.DependencyCheck/DependencyCheckResult) (at Assets/WeaverCore/WeaverCore.Editor/Dependency Checks/DependencyChecker.cs:199)
WeaverCore.Editor.VerifyAPILevel:StartCheck (System.Action`1<WeaverCore.Editor.DependencyCheck/DependencyCheckResult>) (at Assets/WeaverCore/WeaverCore.Editor/Dependency Checks/Checks/VerifyAPILevel.cs:26)
WeaverCore.Editor.DependencyChecker/<>c__DisplayClass13_0:<CheckDependencies>b__0 (WeaverCore.Editor.DependencyCheck/DependencyCheckResult) (at Assets/WeaverCore/WeaverCore.Editor/Dependency Checks/DependencyChecker.cs:199)
WeaverCore.Editor.DependencyChecker:CheckDependencies (bool,System.Collections.Generic.List`1<WeaverCore.Editor.DependencyCheck>,int) (at Assets/WeaverCore/WeaverCore.Editor/Dependency Checks/DependencyChecker.cs:213)
WeaverCore.Editor.DependencyChecker:CheckDependencies () (at Assets/WeaverCore/WeaverCore.Editor/Dependency Checks/DependencyChecker.cs:126)
WeaverCore.Editor.Compilation.BuildTools:Init () (at Assets/WeaverCore/WeaverCore.Editor/Compilation/BuildTools.cs:483)
System.Reflection.MonoMethod:Invoke (object,System.Reflection.BindingFlags,System.Reflection.Binder,object[],System.Globalization.CultureInfo)
System.Reflection.MethodBase:Invoke (object,object[])
WeaverCore.Utilities.ReflectionUtilities:ExecuteMethodsWithAttribute<WeaverCore.Attributes.OnInitAttribute> (System.Func`3<System.Reflection.MethodInfo, WeaverCore.Attributes.OnInitAttribute, bool>,System.Reflection.BindingFlags,bool) (at Assets/WeaverCore/WeaverCore/Utilities/ReflectionUtilities.cs:530)
WeaverCore.Initialization:Initialize () (at Assets/WeaverCore/WeaverCore/Initialization.cs:75)
WeaverCore.Initialization:OnEditorInitialize () (at Assets/WeaverCore/WeaverCore/Initialization.cs:44)

(Filename: Assets/WeaverCore/WeaverCore.Editor/Dependency Checks/DependencyChecker.cs Line: 156)

Mono: successfully reloaded assembly
- Completed reload, in 32.850 seconds
Platform modules already initialized, skipping
Refreshing native plugins compatible for Editor in 1.60 ms, found 3 plugins.
Preloading 0 native plugins for Editor in 0.00 ms.
Unloading 2620 Unused Serialized files (Serialized files now loaded: 0)
System memory in use before: 120.3 MB.
System memory in use after: 120.5 MB.

Unloading 36 unused Assets to reduce memory usage. Loaded Objects now: 3170.
Total: 13.313200 ms (FindLiveObjects: 0.903700 ms CreateObjectMapping: 0.342900 ms MarkObjects: 11.749400 ms  DeleteObjects: 0.312600 ms)

========================================================================
Received Prepare
Registering precompiled user dll's ...
Registered in 0.017283 seconds.
Begin MonoManager ReloadAssembly
Native extension for WindowsStandalone target not found
Refreshing native plugins compatible for Editor in 1.61 ms, found 3 plugins.
Preloading 0 native plugins for Editor in 0.00 ms.
Invoked RoslynAnalysisRunner static constructor.
RoslynAnalysisRunner will not be running.
RoslynAnalysisRunner has terminated.
InvalidOperationException: Sequence contains no matching element
  at System.Linq.Enumerable.First[TSource] (System.Collections.Generic.IEnumerable`1[T] source, System.Func`2[T,TResult] predicate) [0x00011] in <351e49e2a5bf4fd6beabb458ce2255f3>:0 
  at WeaverCore.Editor.Compilation.ScriptFinder.GetProjectScriptInfo () [0x0016a] in C:\Users\JLDeC\OneDrive\Documents\GitHub\Mods\FourSword-Tubers\Assets\WeaverCore\WeaverCore.Editor\Compilation\ScriptFinder.cs:111 
  at WeaverCore.Editor.VerifyWeaverCoreEditorState.StartCheck (System.Action`1[T] finishCheck) [0x00000] in C:\Users\JLDeC\OneDrive\Documents\GitHub\Mods\FourSword-Tubers\Assets\WeaverCore\WeaverCore.Editor\Dependency Checks\Checks\VerifyWeaverCoreEditorState.cs:18 
  at WeaverCore.Editor.DependencyChecker+<>c__DisplayClass13_0.<CheckDependencies>b__0 (WeaverCore.Editor.DependencyCheck+DependencyCheckResult result) [0x0011c] in C:\Users\JLDeC\OneDrive\Documents\GitHub\Mods\FourSword-Tubers\Assets\WeaverCore\WeaverCore.Editor\Dependency Checks\DependencyChecker.cs:199 
UnityEngine.DebugLogHandler:Internal_LogException(Exception, Object)
UnityEngine.DebugLogHandler:LogException(Exception, Object)
UnityEngine.Logger:LogException(Exception, Object)
UnityEngine.Debug:LogException(Exception)
WeaverCore.Editor.<>c__DisplayClass13_0:<CheckDependencies>b__0(DependencyCheckResult) (at Assets\WeaverCore\WeaverCore.Editor\Dependency Checks\DependencyChecker.cs:203)
WeaverCore.Editor.VerifyPhysics:StartCheck(Action`1) (at Assets\WeaverCore\WeaverCore.Editor\Dependency Checks\Checks\VerifyPhysics.cs:15)
WeaverCore.Editor.<>c__DisplayClass13_0:<CheckDependencies>b__0(DependencyCheckResult) (at Assets\WeaverCore\WeaverCore.Editor\Dependency Checks\DependencyChecker.cs:199)
WeaverCore.Editor.VerifyAPILevel:StartCheck(Action`1) (at Assets\WeaverCore\WeaverCore.Editor\Dependency Checks\Checks\VerifyAPILevel.cs:26)
WeaverCore.Editor.<>c__DisplayClass13_0:<CheckDependencies>b__0(DependencyCheckResult) (at Assets\WeaverCore\WeaverCore.Editor\Dependency Checks\DependencyChecker.cs:199)
WeaverCore.Editor.DependencyChecker:CheckDependencies(Boolean, List`1, Int32) (at Assets\WeaverCore\WeaverCore.Editor\Dependency Checks\DependencyChecker.cs:213)
WeaverCore.Editor.DependencyChecker:CheckDependencies() (at Assets\WeaverCore\WeaverCore.Editor\Dependency Checks\DependencyChecker.cs:126)
WeaverCore.Editor.Compilation.BuildTools:Init() (at Assets\WeaverCore\WeaverCore.Editor\Compilation\BuildTools.cs:483)
System.Reflection.MonoMethod:InternalInvoke(Object, Object[], Exception&)
System.Reflection.MonoMethod:Invoke(Object, BindingFlags, Binder, Object[], CultureInfo)
System.Reflection.MethodBase:Invoke(Object, Object[])
WeaverCore.Utilities.ReflectionUtilities:ExecuteMethodsWithAttribute(Func`3, BindingFlags, Boolean) (at Assets\WeaverCore\WeaverCore\Utilities\ReflectionUtilities.cs:530)
WeaverCore.Initialization:Initialize() (at Assets\WeaverCore\WeaverCore\Initialization.cs:75)
WeaverCore.Initialization:OnEditorInitialize() (at Assets\WeaverCore\WeaverCore\Initialization.cs:44)

An Error occured when doing a dependency check for : Verify Weaver Core Editor State. See console for more info
UnityEngine.StackTraceUtility:ExtractStackTrace ()
UnityEngine.DebugLogHandler:LogFormat (UnityEngine.LogType,UnityEngine.Object,string,object[])
UnityEngine.Logger:Log (UnityEngine.LogType,object)
UnityEngine.Debug:Log (object)
WeaverCore.Editor.DependencyChecker/<>c__DisplayClass13_0:<CheckDependencies>b__0 (WeaverCore.Editor.DependencyCheck/DependencyCheckResult) (at Assets/WeaverCore/WeaverCore.Editor/Dependency Checks/DependencyChecker.cs:156)
WeaverCore.Editor.DependencyChecker/<>c__DisplayClass13_0:<CheckDependencies>b__0 (WeaverCore.Editor.DependencyCheck/DependencyCheckResult) (at Assets/WeaverCore/WeaverCore.Editor/Dependency Checks/DependencyChecker.cs:204)
WeaverCore.Editor.VerifyPhysics:StartCheck (System.Action`1<WeaverCore.Editor.DependencyCheck/DependencyCheckResult>) (at Assets/WeaverCore/WeaverCore.Editor/Dependency Checks/Checks/VerifyPhysics.cs:15)
WeaverCore.Editor.DependencyChecker/<>c__DisplayClass13_0:<CheckDependencies>b__0 (WeaverCore.Editor.DependencyCheck/DependencyCheckResult) (at Assets/WeaverCore/WeaverCore.Editor/Dependency Checks/DependencyChecker.cs:199)
WeaverCore.Editor.VerifyAPILevel:StartCheck (System.Action`1<WeaverCore.Editor.DependencyCheck/DependencyCheckResult>) (at Assets/WeaverCore/WeaverCore.Editor/Dependency Checks/Checks/VerifyAPILevel.cs:26)
WeaverCore.Editor.DependencyChecker/<>c__DisplayClass13_0:<CheckDependencies>b__0 (WeaverCore.Editor.DependencyCheck/DependencyCheckResult) (at Assets/WeaverCore/WeaverCore.Editor/Dependency Checks/DependencyChecker.cs:199)
WeaverCore.Editor.DependencyChecker:CheckDependencies (bool,System.Collections.Generic.List`1<WeaverCore.Editor.DependencyCheck>,int) (at Assets/WeaverCore/WeaverCore.Editor/Dependency Checks/DependencyChecker.cs:213)
WeaverCore.Editor.DependencyChecker:CheckDependencies () (at Assets/WeaverCore/WeaverCore.Editor/Dependency Checks/DependencyChecker.cs:126)
WeaverCore.Editor.Compilation.BuildTools:Init () (at Assets/WeaverCore/WeaverCore.Editor/Compilation/BuildTools.cs:483)
System.Reflection.MonoMethod:Invoke (object,System.Reflection.BindingFlags,System.Reflection.Binder,object[],System.Globalization.CultureInfo)
System.Reflection.MethodBase:Invoke (object,object[])
WeaverCore.Utilities.ReflectionUtilities:ExecuteMethodsWithAttribute<WeaverCore.Attributes.OnInitAttribute> (System.Func`3<System.Reflection.MethodInfo, WeaverCore.Attributes.OnInitAttribute, bool>,System.Reflection.BindingFlags,bool) (at Assets/WeaverCore/WeaverCore/Utilities/ReflectionUtilities.cs:530)
WeaverCore.Initialization:Initialize () (at Assets/WeaverCore/WeaverCore/Initialization.cs:75)
WeaverCore.Initialization:OnEditorInitialize () (at Assets/WeaverCore/WeaverCore/Initialization.cs:44)

(Filename: Assets/WeaverCore/WeaverCore.Editor/Dependency Checks/DependencyChecker.cs Line: 156)

Mono: successfully reloaded assembly
- Completed reload, in  7.738 seconds
Platform modules already initialized, skipping
Refreshing native plugins compatible for Editor in 1.18 ms, found 3 plugins.
Preloading 0 native plugins for Editor in 0.00 ms.
Unloading 2620 Unused Serialized files (Serialized files now loaded: 0)
System memory in use before: 120.4 MB.
System memory in use after: 120.5 MB.

Unloading 36 unused Assets to reduce memory usage. Loaded Objects now: 3173.
Total: 10.354100 ms (FindLiveObjects: 0.736800 ms CreateObjectMapping: 0.350000 ms MarkObjects: 9.044600 ms  DeleteObjects: 0.219700 ms)

AssetImportWorkerClient::OnTransportError - code=2 error=End of file
